Assembler report for RISC_YRV
Sat Apr  8 14:10:34 2023
Quartus Prime Version 22.1std.0 Build 915 10/25/2022 SC Lite Edition


---------------------
; Table of Contents ;
---------------------
  1. Legal Notice
  2. Assembler Summary
  3. Assembler Settings
  4. Assembler Generated Files
  5. Assembler Device Options: C:/FPGA/RISC_YRV/output_files/RISC_YRV.sof
  6. Assembler Messages



----------------
; Legal Notice ;
----------------
Copyright (C) 2022  Intel Corporation. All rights reserved.
Your use of Intel Corporation's design tools, logic functions 
and other software and tools, and any partner logic 
functions, and any output files from any of the foregoing 
(including device programming or simulation files), and any 
associated documentation or information are expressly subject 
to the terms and conditions of the Intel Program License 
Subscription Agreement, the Intel Quartus Prime License Agreement,
the Intel FPGA IP License Agreement, or other applicable license
agreement, including, without limitation, that your use is for
the sole purpose of programming logic devices manufactured by
Intel and sold by Intel or its authorized distributors.  Please
refer to the applicable agreement for further details, at
https://fpgasoftware.intel.com/eula.



+---------------------------------------------------------------+
; Assembler Summary                                             ;
+-----------------------+---------------------------------------+
; Assembler Status      ; Successful - Sat Apr  8 14:10:34 2023 ;
; Revision Name         ; RISC_YRV                              ;
; Top-level Entity Name ; TOP                                   ;
; Family                ; MAX 10                                ;
; Device                ; 10M50DAF484C6GES                      ;
+-----------------------+---------------------------------------+


+----------------------------------+
; Assembler Settings               ;
+--------+---------+---------------+
; Option ; Setting ; Default Value ;
+--------+---------+---------------+


+--------------------------------------------+
; Assembler Generated Files                  ;
+--------------------------------------------+
; File Name                                  ;
+--------------------------------------------+
; C:/FPGA/RISC_YRV/output_files/RISC_YRV.sof ;
+--------------------------------------------+


+----------------------------------------------------------------------+
; Assembler Device Options: C:/FPGA/RISC_YRV/output_files/RISC_YRV.sof ;
+----------------+-----------------------------------------------------+
; Option         ; Setting                                             ;
+----------------+-----------------------------------------------------+
; JTAG usercode  ; 0x00556508                                          ;
; Checksum       ; 0x00556508                                          ;
+----------------+-----------------------------------------------------+


+--------------------+
; Assembler Messages ;
+--------------------+
Info: *******************************************************************
Info: Running Quartus Prime Assembler
    Info: Version 22.1std.0 Build 915 10/25/2022 SC Lite Edition
    Info: Processing started: Sat Apr  8 14:10:32 2023
Info: Command: quartus_asm --read_settings_files=off --write_settings_files=off RISC_YRV -c RISC_YRV
Warning (18236): Number of processors has not been specified which may cause overloading on shared machines.  Set the global assignment NUM_PARALLEL_PROCESSORS in your QSF to an appropriate value for best performance.
Info (115031): Writing out detailed assembly data for power analysis
Info (115030): Assembler is generating device programming files
Info: Quartus Prime Assembler was successful. 0 errors, 1 warning
    Info: Peak virtual memory: 4741 megabytes
    Info: Processing ended: Sat Apr  8 14:10:34 2023
    Info: Elapsed time: 00:00:02
    Info: Total CPU time (on all processors): 00:00:02


